<?xml version="1.0" encoding="UTF-8"?>
<testsuite xmlns:xsi="http://www.w3.org/2001/XMLSchema-instance" xsi:noNamespaceSchemaLocation="https://maven.apache.org/surefire/maven-surefire-plugin/xsd/surefire-test-report-3.0.xsd" version="3.0" name="Amazon Urun Arama" time="106.685" tests="1" errors="0" skipped="0" failures="0">
  <properties>
[...]
</properties>
  <testcase name="TC04_kullanici amazonda urun aramasi yapar" classname="Amazon Urun Arama" time="106.685">
    <system-out><![CDATA[

&amp#27;[31mFailed scenarios:&amp#27;[0m

&amp#27;[31mfile:///Users/mstf/IdeaProjects/CucumberProje/src/test/resources/features/amazonexamples.feature:10&amp#27;[0m
# TC07_kullanici amazonda dropdown ve aramakutusu kullanarak arama yapar



11
 Scenarios (
&amp#27;[31m1 failed&amp#27;[0m
, 
&amp#27;[32m10 passed&amp#27;[0m
)

36
 Steps (
&amp#27;[31m1 failed&amp#27;[0m
, 
&amp#27;[36m3 skipped&amp#27;[0m
, 
&amp#27;[32m32 passed&amp#27;[0m
)

15m
44,215s





io.cucumber.core.exception.CucumberException: Failed to instantiate class stepdefinitions.AmazonStepDefinitions

	at io.cucumber.core.runtime.ObjectFactoryServiceLoader$DefaultJavaObjectFactory.cacheNewInstance(ObjectFactoryServiceLoader.java:135)

	at io.cucumber.core.runtime.ObjectFactoryServiceLoader$DefaultJavaObjectFactory.getInstance(ObjectFactoryServiceLoader.java:121)

	at io.cucumber.java.JavaStepDefinition.execute(JavaStepDefinition.java:27)

	at io.cucumber.core.runner.PickleStepDefinitionMatch.runStep(PickleStepDefinitionMatch.java:63)

	at io.cucumber.core.runner.TestStep.executeStep(TestStep.java:64)

	at io.cucumber.core.runner.TestStep.run(TestStep.java:49)

	at io.cucumber.core.runner.PickleStepTestStep.run(PickleStepTestStep.java:46)

	at io.cucumber.core.runner.TestCase.run(TestCase.java:51)

	at io.cucumber.core.runner.Runner.runPickle(Runner.java:67)

	at io.cucumber.junit.PickleRunners$NoStepDescriptions.run(PickleRunners.java:149)

	at io.cucumber.junit.FeatureRunner.runChild(FeatureRunner.java:83)

	at io.cucumber.junit.FeatureRunner.runChild(FeatureRunner.java:24)

	at org.junit.runners.ParentRunner$4.run(ParentRunner.java:331)

	at org.junit.runners.ParentRunner$1.schedule(ParentRunner.java:79)

	at org.junit.runners.ParentRunner.runChildren(ParentRunner.java:329)

	at org.junit.runners.ParentRunner.access$100(ParentRunner.java:66)

	at org.junit.runners.ParentRunner$2.evaluate(ParentRunner.java:293)

	at org.junit.runners.ParentRunner$3.evaluate(ParentRunner.java:306)

	at org.junit.runners.ParentRunner.run(ParentRunner.java:413)

	at io.cucumber.junit.Cucumber.runChild(Cucumber.java:185)

	at io.cucumber.junit.Cucumber.runChild(Cucumber.java:83)

	at org.junit.runners.ParentRunner$4.run(ParentRunner.java:331)

	at org.apache.maven.surefire.junitcore.pc.Scheduler$1.run(Scheduler.java:405)

	at org.apache.maven.surefire.junitcore.pc.InvokerStrategy.schedule(InvokerStrategy.java:54)

	at org.apache.maven.surefire.junitcore.pc.Scheduler.schedule(Scheduler.java:362)

	at org.junit.runners.ParentRunner.runChildren(ParentRunner.java:329)

	at org.junit.runners.ParentRunner.access$100(ParentRunner.java:66)

	at org.junit.runners.ParentRunner$2.evaluate(ParentRunner.java:293)

	at io.cucumber.junit.Cucumber$RunCucumber.evaluate(Cucumber.java:219)

	at org.junit.runners.ParentRunner$3.evaluate(ParentRunner.java:306)

	at org.junit.runners.ParentRunner.run(ParentRunner.java:413)

	at org.junit.runners.Suite.runChild(Suite.java:128)

	at org.junit.runners.Suite.runChild(Suite.java:27)

	at org.junit.runners.ParentRunner$4.run(ParentRunner.java:331)

	at org.apache.maven.surefire.junitcore.pc.Scheduler$1.run(Scheduler.java:405)

	at java.base/java.util.concurrent.Executors$RunnableAdapter.call(Executors.java:515)

	at java.base/java.util.concurrent.FutureTask.run(FutureTask.java:264)

	at java.base/java.util.concurrent.ThreadPoolExecutor.runWorker(ThreadPoolExecutor.java:1130)

	at java.base/java.util.concurrent.ThreadPoolExecutor$Worker.run(ThreadPoolExecutor.java:630)

	at java.base/java.lang.Thread.run(Thread.java:832)

Caused by: java.lang.reflect.InvocationTargetException

	at java.base/jdk.internal.reflect.NativeConstructorAccessorImpl.newInstance0(Native Method)

	at java.base/jdk.internal.reflect.NativeConstructorAccessorImpl.newInstance(NativeConstructorAccessorImpl.java:62)

	at java.base/jdk.internal.reflect.DelegatingConstructorAccessorImpl.newInstance(DelegatingConstructorAccessorImpl.java:45)

	at java.base/java.lang.reflect.Constructor.newInstanceWithCaller(Constructor.java:500)

	at java.base/java.lang.reflect.Constructor.newInstance(Constructor.java:481)

	at io.cucumber.core.runtime.ObjectFactoryServiceLoader$DefaultJavaObjectFactory.cacheNewInstance(ObjectFactoryServiceLoader.java:129)

	... 39 more

Caused by: org.openqa.selenium.WebDriverException: chrome not reachable
Build info: version: '3.141.59', revision: 'e82be7d358', time: '2018-11-14T08:17:03'
System info: host: 'MSTFs-MBP', ip: '192.168.1.39', os.name: 'Mac OS X', os.arch: 'x86_64', os.version: '10.15.6', java.version: '14.0.1'
Driver info: driver.version: Driver
remote stacktrace: 0   chromedriver                        0x000000010f3b61b9 chromedriver + 4911545
1   chromedriver                        0x000000010f355e03 chromedriver + 4517379
2   chromedriver                        0x000000010efc3c36 chromedriver + 773174
3   chromedriver                        0x000000010efb3519 chromedriver + 705817
4   chromedriver                        0x000000010ef1f349 chromedriver + 99145
5   chromedriver                        0x000000010ef1bd6f chromedriver + 85359
6   chromedriver                        0x000000010ef4a716 chromedriver + 276246
7   chromedriver                        0x000000010ef47723 chromedriver + 263971
8   chromedriver                        0x000000010ef21720 chromedriver + 108320
9   chromedriver                        0x000000010ef22693 chromedriver + 112275
10  chromedriver                        0x000000010f37ef72 chromedriver + 4685682
11  chromedriver                        0x000000010f38cb3a chromedriver + 4741946
12  chromedriver                        0x000000010f38c801 chromedriver + 4741121
13  chromedriver                        0x000000010f36225e chromedriver + 4567646
14  chromedriver                        0x000000010f38d061 chromedriver + 4743265
15  chromedriver                        0x000000010f373d0a chromedriver + 4640010
16  chromedriver                        0x000000010f3a60ba chromedriver + 4845754
17  chromedriver                        0x000000010f3bc387 chromedriver + 4936583
18  libsystem_pthread.dylib             0x00007fff70fde109 _pthread_start + 148
19  libsystem_pthread.dylib             0x00007fff70fd9b8b thread_start + 15


	at java.base/jdk.internal.reflect.NativeConstructorAccessorImpl.newInstance0(Native Method)

	at java.base/jdk.internal.reflect.NativeConstructorAccessorImpl.newInstance(NativeConstructorAccessorImpl.java:62)

	at java.base/jdk.internal.reflect.DelegatingConstructorAccessorImpl.newInstance(DelegatingConstructorAccessorImpl.java:45)

	at java.base/java.lang.reflect.Constructor.newInstanceWithCaller(Constructor.java:500)

	at java.base/java.lang.reflect.Constructor.newInstance(Constructor.java:481)

	at org.openqa.selenium.remote.W3CHandshakeResponse.lambda$errorHandler$0(W3CHandshakeResponse.java:62)

	at org.openqa.selenium.remote.HandshakeResponse.lambda$getResponseFunction$0(HandshakeResponse.java:30)

	at org.openqa.selenium.remote.ProtocolHandshake.lambda$createSession$0(ProtocolHandshake.java:126)

	at java.base/java.util.stream.ReferencePipeline$3$1.accept(ReferencePipeline.java:195)

	at java.base/java.util.Spliterators$ArraySpliterator.tryAdvance(Spliterators.java:958)

	at java.base/java.util.stream.ReferencePipeline.forEachWithCancel(ReferencePipeline.java:127)

	at java.base/java.util.stream.AbstractPipeline.copyIntoWithCancel(AbstractPipeline.java:502)

	at java.base/java.util.stream.AbstractPipeline.copyInto(AbstractPipeline.java:488)

	at java.base/java.util.stream.AbstractPipeline.wrapAndCopyInto(AbstractPipeline.java:474)

	at java.base/java.util.stream.FindOps$FindOp.evaluateSequential(FindOps.java:150)

	at java.base/java.util.stream.AbstractPipeline.evaluate(AbstractPipeline.java:234)

	at java.base/java.util.stream.ReferencePipeline.findFirst(ReferencePipeline.java:543)

	at org.openqa.selenium.remote.ProtocolHandshake.createSession(ProtocolHandshake.java:128)

	at org.openqa.selenium.remote.ProtocolHandshake.createSession(ProtocolHandshake.java:74)

	at org.openqa.selenium.remote.HttpCommandExecutor.execute(HttpCommandExecutor.java:136)

	at org.openqa.selenium.remote.service.DriverCommandExecutor.execute(DriverCommandExecutor.java:83)

	at org.openqa.selenium.remote.RemoteWebDriver.execute(RemoteWebDriver.java:552)

	at org.openqa.selenium.remote.RemoteWebDriver.startSession(RemoteWebDriver.java:213)

	at org.openqa.selenium.remote.RemoteWebDriver.<init>(RemoteWebDriver.java:131)

	at org.openqa.selenium.chrome.ChromeDriver.<init>(ChromeDriver.java:181)

	at org.openqa.selenium.chrome.ChromeDriver.<init>(ChromeDriver.java:168)

	at org.openqa.selenium.chrome.ChromeDriver.<init>(ChromeDriver.java:123)

	at utilities.Driver.getDriver(Driver.java:29)

	at pages.AmazonPage.<init>(AmazonPage.java:8)

	at stepdefinitions.AmazonStepDefinitions.<init>(AmazonStepDefinitions.java:9)

	... 45 more



org.openqa.selenium.WebDriverException: chrome not reachable
Build info: version: '3.141.59', revision: 'e82be7d358', time: '2018-11-14T08:17:03'
System info: host: 'MSTFs-MBP', ip: '192.168.1.39', os.name: 'Mac OS X', os.arch: 'x86_64', os.version: '10.15.6', java.version: '14.0.1'
Driver info: driver.version: Driver
remote stacktrace: 0   chromedriver                        0x00000001040d21b9 chromedriver + 4911545
1   chromedriver                        0x0000000104071e03 chromedriver + 4517379
2   chromedriver                        0x0000000103cdfc36 chromedriver + 773174
3   chromedriver                        0x0000000103ccf519 chromedriver + 705817
4   chromedriver                        0x0000000103c3b349 chromedriver + 99145
5   chromedriver                        0x0000000103c37d6f chromedriver + 85359
6   chromedriver                        0x0000000103c66716 chromedriver + 276246
7   chromedriver                        0x0000000103c63723 chromedriver + 263971
8   chromedriver                        0x0000000103c3d720 chromedriver + 108320
9   chromedriver                        0x0000000103c3e693 chromedriver + 112275
10  chromedriver                        0x000000010409af72 chromedriver + 4685682
11  chromedriver                        0x00000001040a8b3a chromedriver + 4741946
12  chromedriver                        0x00000001040a8801 chromedriver + 4741121
13  chromedriver                        0x000000010407e25e chromedriver + 4567646
14  chromedriver                        0x00000001040a9061 chromedriver + 4743265
15  chromedriver                        0x000000010408fd0a chromedriver + 4640010
16  chromedriver                        0x00000001040c20ba chromedriver + 4845754
17  chromedriver                        0x00000001040d8387 chromedriver + 4936583
18  libsystem_pthread.dylib             0x00007fff70fde109 _pthread_start + 148
19  libsystem_pthread.dylib             0x00007fff70fd9b8b thread_start + 15


	at java.base/jdk.internal.reflect.NativeConstructorAccessorImpl.newInstance0(Native Method)

	at java.base/jdk.internal.reflect.NativeConstructorAccessorImpl.newInstance(NativeConstructorAccessorImpl.java:62)

	at java.base/jdk.internal.reflect.DelegatingConstructorAccessorImpl.newInstance(DelegatingConstructorAccessorImpl.java:45)

	at java.base/java.lang.reflect.Constructor.newInstanceWithCaller(Constructor.java:500)

	at java.base/java.lang.reflect.Constructor.newInstance(Constructor.java:481)

	at org.openqa.selenium.remote.W3CHandshakeResponse.lambda$errorHandler$0(W3CHandshakeResponse.java:62)

	at org.openqa.selenium.remote.HandshakeResponse.lambda$getResponseFunction$0(HandshakeResponse.java:30)

	at org.openqa.selenium.remote.ProtocolHandshake.lambda$createSession$0(ProtocolHandshake.java:126)

	at java.base/java.util.stream.ReferencePipeline$3$1.accept(ReferencePipeline.java:195)

	at java.base/java.util.Spliterators$ArraySpliterator.tryAdvance(Spliterators.java:958)

	at java.base/java.util.stream.ReferencePipeline.forEachWithCancel(ReferencePipeline.java:127)

	at java.base/java.util.stream.AbstractPipeline.copyIntoWithCancel(AbstractPipeline.java:502)

	at java.base/java.util.stream.AbstractPipeline.copyInto(AbstractPipeline.java:488)

	at java.base/java.util.stream.AbstractPipeline.wrapAndCopyInto(AbstractPipeline.java:474)

	at java.base/java.util.stream.FindOps$FindOp.evaluateSequential(FindOps.java:150)

	at java.base/java.util.stream.AbstractPipeline.evaluate(AbstractPipeline.java:234)

	at java.base/java.util.stream.ReferencePipeline.findFirst(ReferencePipeline.java:543)

	at org.openqa.selenium.remote.ProtocolHandshake.createSession(ProtocolHandshake.java:128)

	at org.openqa.selenium.remote.ProtocolHandshake.createSession(ProtocolHandshake.java:74)

	at org.openqa.selenium.remote.HttpCommandExecutor.execute(HttpCommandExecutor.java:136)

	at org.openqa.selenium.remote.service.DriverCommandExecutor.execute(DriverCommandExecutor.java:83)

	at org.openqa.selenium.remote.RemoteWebDriver.execute(RemoteWebDriver.java:552)

	at org.openqa.selenium.remote.RemoteWebDriver.startSession(RemoteWebDriver.java:213)

	at org.openqa.selenium.remote.RemoteWebDriver.<init>(RemoteWebDriver.java:131)

	at org.openqa.selenium.chrome.ChromeDriver.<init>(ChromeDriver.java:181)

	at org.openqa.selenium.chrome.ChromeDriver.<init>(ChromeDriver.java:168)

	at org.openqa.selenium.chrome.ChromeDriver.<init>(ChromeDriver.java:123)

	at utilities.Driver.getDriver(Driver.java:29)

	at stepdefinitions.Hooks.tearDown(Hooks.java:21)





setUp ��al����t��.
1-48 of over 3,000 results for "drone"
tearDown ��al����t��.
]]></system-out>
  </testcase>
</testsuite>